<?xml version="1.0" encoding="UTF-8"?>
<testng-results ignored="0" total="2" passed="2" failed="0" skipped="0">
  <reporter-output>
  </reporter-output>
  <suite started-at="2023-04-16T09:19:44 IST" name="Default suite" finished-at="2023-04-16T09:20:28 IST" duration-ms="44745">
    <groups>
    </groups>
    <test started-at="2023-04-16T09:19:44 IST" name="Default test" finished-at="2023-04-16T09:20:28 IST" duration-ms="44745">
      <class name="test.RunTestCase">
        <test-method is-config="true" signature="start()[pri:0, instance:test.RunTestCase@6bedbc4d]" started-at="2023-04-16T09:19:44 IST" name="start" finished-at="2023-04-16T09:20:18 IST" duration-ms="33850" status="PASS">
          <reporter-output>
          </reporter-output>
        </test-method> <!-- start -->
        <test-method signature="login()[pri:1, instance:test.RunTestCase@6bedbc4d]" started-at="2023-04-16T09:20:18 IST" name="login" finished-at="2023-04-16T09:20:25 IST" duration-ms="6971" status="PASS">
          <reporter-output>
          </reporter-output>
        </test-method> <!-- login -->
        <test-method signature="dashbord()[pri:2, instance:test.RunTestCase@6bedbc4d]" started-at="2023-04-16T09:20:25 IST" name="dashbord" finished-at="2023-04-16T09:20:27 IST" duration-ms="2347" status="PASS">
          <reporter-output>
          </reporter-output>
        </test-method> <!-- dashbord -->
        <test-method is-config="true" signature="stop()[pri:0, instance:test.RunTestCase@6bedbc4d]" started-at="2023-04-16T09:20:27 IST" name="stop" finished-at="2023-04-16T09:20:28 IST" duration-ms="1508" status="PASS">
          <reporter-output>
          </reporter-output>
        </test-method> <!-- stop -->
      </class> <!-- test.RunTestCase -->
    </test> <!-- Default test -->
  </suite> <!-- Default suite -->
</testng-results>
