<?xml version="1.0" encoding="UTF-8"?>
<testng-results ignored="0" total="1" passed="1" failed="0" skipped="0">
  <reporter-output>
  </reporter-output>
  <suite started-at="2023-04-03T21:17:42 IST" name="Default suite" finished-at="2023-04-03T21:19:38 IST" duration-ms="116552">
    <groups>
    </groups>
    <test started-at="2023-04-03T21:17:42 IST" name="Default test" finished-at="2023-04-03T21:19:38 IST" duration-ms="116552">
      <class name="test.RunTestCase">
        <test-method is-config="true" signature="start()[pri:0, instance:test.RunTestCase@34f5090e]" started-at="2023-04-03T21:17:42 IST" name="start" finished-at="2023-04-03T21:19:18 IST" duration-ms="96190" status="PASS">
          <reporter-output>
          </reporter-output>
        </test-method> <!-- start -->
        <test-method signature="login()[pri:0, instance:test.RunTestCase@34f5090e]" started-at="2023-04-03T21:19:18 IST" name="login" finished-at="2023-04-03T21:19:37 IST" duration-ms="18781" status="PASS">
          <reporter-output>
          </reporter-output>
        </test-method> <!-- login -->
        <test-method is-config="true" signature="stop()[pri:0, instance:test.RunTestCase@34f5090e]" started-at="2023-04-03T21:19:37 IST" name="stop" finished-at="2023-04-03T21:19:38 IST" duration-ms="1530" status="PASS">
          <reporter-output>
          </reporter-output>
        </test-method> <!-- stop -->
      </class> <!-- test.RunTestCase -->
    </test> <!-- Default test -->
  </suite> <!-- Default suite -->
</testng-results>
